Traceback (most recent call last):
  File "E:\Tools\Python\3_12_6\Lib\site-packages\jupyter_cache\executors\utils.py", line 58, in single_nb_execution
    executenb(
  File "E:\Tools\Python\3_12_6\Lib\site-packages\nbclient\client.py", line 1314, in execute
    return NotebookClient(nb=nb, resources=resources, km=km, **kwargs).execute()
           ^^^^^^^^^^^^^^^^^^^^^^^^^^^^^^^^^^^^^^^^^^^^^^^^^^^^^^^^^^^^^^^^^^^^^
  File "E:\Tools\Python\3_12_6\Lib\site-packages\jupyter_core\utils\__init__.py", line 165, in wrapped
    return loop.run_until_complete(inner)
           ^^^^^^^^^^^^^^^^^^^^^^^^^^^^^^
  File "E:\Tools\Python\3_12_6\Lib\asyncio\base_events.py", line 687, in run_until_complete
    return future.result()
           ^^^^^^^^^^^^^^^
  File "E:\Tools\Python\3_12_6\Lib\site-packages\nbclient\client.py", line 709, in async_execute
    await self.async_execute_cell(
  File "E:\Tools\Python\3_12_6\Lib\site-packages\nbclient\client.py", line 1062, in async_execute_cell
    await self._check_raise_for_error(cell, cell_index, exec_reply)
  File "E:\Tools\Python\3_12_6\Lib\site-packages\nbclient\client.py", line 918, in _check_raise_for_error
    raise CellExecutionError.from_cell_and_msg(cell, exec_reply_content)
nbclient.exceptions.CellExecutionError: An error occurred while executing the following cell:
------------------
from sklearn.datasets import load_iris
from sklearn.model_selection import train_test_split
from sklearn.linear_model import LogisticRegression
from sklearn.preprocessing import StandardScaler
from sklearn.metrics import accuracy_score

# åŠ è½½é¸¢å°¾èŠ±æ•°æ®é›†
iris = load_iris()
X, y = iris.data, iris.target

# æ•°æ®æ ‡å‡†åŒ–
scaler = StandardScaler()
X_scaled = scaler.fit_transform(X)

# åˆ’åˆ†æ•°æ®é›†ä¸ºè®­ç»ƒé›†å’Œæµ‹è¯•é›†
X_train, X_test, y_train, y_test = train_test_split(X_scaled, y, test_size=0.2, random_state=42)

# åˆ›å»ºé€»è¾‘å›žå½’æ¨¡åž‹ï¼Œå¹¶è®¾ç½®æ­£åˆ™åŒ–å‚æ•°Cï¼ˆCçš„å€’æ•°è¡¨ç¤ºæ­£åˆ™åŒ–å¼ºåº¦ï¼Œå³è¾ƒå°çš„Cå€¼è¡¨ç¤ºè¾ƒå¼ºçš„æ­£åˆ™åŒ–ï¼‰
log_reg = LogisticRegression(C=1.0, penalty='l2', solver='liblinear')

# åœ¨è®­ç»ƒé›†ä¸Šæ‹Ÿåˆæ¨¡åž‹
log_reg.fit(X_train, y_train)

# åœ¨æµ‹è¯•é›†ä¸Šè¿›è¡Œé¢„æµ‹
y_pred = log_reg.predict(X_test)

# è®¡ç®—æ¨¡åž‹å‡†ç¡®çŽ‡
accuracy = accuracy_score(y_test, y_pred)
print("æ¨¡åž‹å‡†ç¡®çŽ‡ï¼š", accuracy)

------------------


[1;31m---------------------------------------------------------------------------[0m
[1;31mModuleNotFoundError[0m                       Traceback (most recent call last)
Cell [1;32mIn[1], line 1[0m
[1;32m----> 1[0m [38;5;28;01mfrom[39;00m [38;5;21;01msklearn[39;00m[38;5;21;01m.[39;00m[38;5;21;01mdatasets[39;00m [38;5;28;01mimport[39;00m load_iris
[0;32m      2[0m [38;5;28;01mfrom[39;00m [38;5;21;01msklearn[39;00m[38;5;21;01m.[39;00m[38;5;21;01mmodel_selection[39;00m [38;5;28;01mimport[39;00m train_test_split
[0;32m      3[0m [38;5;28;01mfrom[39;00m [38;5;21;01msklearn[39;00m[38;5;21;01m.[39;00m[38;5;21;01mlinear_model[39;00m [38;5;28;01mimport[39;00m LogisticRegression

[1;31mModuleNotFoundError[0m: No module named 'sklearn'

